{"contracts\\CDPStablecoin.sol":{"l":{"44":35,"55":1,"56":1,"57":1,"61":0,"62":0,"66":0,"70":0,"71":0,"72":0,"89":1,"90":1,"91":1,"95":0,"99":0,"103":8,"107":0,"111":3,"115":2,"116":2,"120":0,"124":0,"125":0,"129":0,"130":0,"131":0,"132":0,"134":0,"135":0,"139":0,"140":0,"144":0,"145":0,"146":0,"147":0,"149":0,"153":2,"154":2,"155":2,"156":2,"157":2,"159":2,"160":2,"164":4,"165":4,"166":4,"167":4,"171":2,"172":2,"173":2,"174":2,"175":2,"177":2,"178":2,"182":0,"183":0,"184":0,"227":1,"228":1,"229":1,"230":1,"231":1,"239":4,"240":4,"241":4,"242":4,"243":4,"247":2,"248":2,"249":2,"250":2,"251":1,"252":1,"253":1,"257":5,"258":5,"259":5,"260":5,"261":5,"262":4,"263":4,"264":4,"268":0,"269":0,"270":0,"271":0,"272":0,"273":0,"277":1,"278":1,"279":1,"280":1,"281":1,"283":1,"284":1,"286":1,"287":1,"289":1,"290":1,"292":1,"294":1,"307":1,"308":1,"309":1,"310":1,"311":1,"312":1,"314":1,"317":1,"319":1,"320":1,"327":1,"328":1,"329":1,"330":1,"332":1,"333":1,"335":1,"343":0,"344":0,"345":0,"346":0,"350":0,"351":0,"352":0,"360":2,"361":2,"365":0,"369":0,"370":0,"374":0,"375":0,"383":7,"384":0,"386":7,"390":8,"391":0,"393":8,"394":8,"395":8,"396":0,"398":8,"402":8,"403":1,"405":7,"406":7,"407":7,"408":7,"409":7,"413":15,"414":15,"416":0,"417":0,"419":0,"423":1,"424":1},"path":"C:\\Users\\maxim\\OneDrive\\Documents\\crypto dev\\tokenization\\CDP-stablecoin\\contracts\\CDPStablecoin.sol","s":{"1":35,"2":1,"3":1,"4":0,"5":0,"6":0,"7":0,"8":0,"9":0,"10":8,"11":0,"12":3,"13":2,"14":2,"15":0,"16":0,"17":0,"18":0,"19":0,"20":0,"21":0,"22":0,"23":0,"24":0,"25":0,"26":0,"27":0,"28":0,"29":2,"30":2,"31":2,"32":2,"33":4,"34":4,"35":2,"36":2,"37":2,"38":2,"39":0,"40":0,"41":4,"42":4,"43":4,"44":4,"45":2,"46":2,"47":2,"48":2,"49":1,"50":1,"51":5,"52":5,"53":5,"54":5,"55":5,"56":4,"57":4,"58":0,"59":0,"60":0,"61":0,"62":0,"63":1,"64":1,"65":1,"66":1,"67":1,"68":1,"69":1,"70":1,"71":1,"72":1,"73":1,"74":1,"75":1,"76":1,"77":1,"78":1,"79":1,"80":1,"81":1,"82":1,"83":1,"84":1,"85":1,"86":1,"87":1,"88":1,"89":0,"90":0,"91":0,"92":0,"93":2,"94":2,"95":0,"96":0,"97":0,"98":0,"99":0,"100":7,"101":0,"102":7,"103":8,"104":0,"105":8,"106":8,"107":8,"108":0,"109":8,"110":8,"111":1,"112":7,"113":7,"114":7,"115":7,"116":7,"117":15,"118":15,"119":0,"120":0,"121":0,"122":1,"123":1},"b":{"1":[1,0],"2":[0,0],"3":[0,0],"4":[0,0],"5":[0,0],"6":[0,0],"7":[2,0],"8":[2,0],"9":[4,0],"10":[2,0],"11":[2,0],"12":[0,0],"13":[4,0],"14":[4,0],"15":[2,0],"16":[1,1],"17":[1,0],"18":[5,0],"19":[5,0],"20":[4,1],"21":[0,0],"22":[0,0],"23":[1,0],"24":[1,0],"25":[1,0],"26":[1,0],"27":[1,0],"28":[1,0],"29":[1,0],"30":[1,0],"31":[1,0],"32":[1,0],"33":[1,0],"34":[1,0],"35":[1,0],"36":[0,0],"37":[0,0],"38":[0,0],"39":[0,0],"40":[0,7],"41":[0,8],"42":[0,8],"43":[1,7],"44":[7,0],"45":[7,0],"46":[15,0],"47":[0,0],"48":[1,0],"49":[1,0]},"f":{"1":35,"2":1,"3":0,"4":0,"5":0,"6":1,"7":0,"8":0,"9":8,"10":0,"11":3,"12":2,"13":0,"14":0,"15":0,"16":0,"17":0,"18":2,"19":4,"20":2,"21":0,"22":1,"23":4,"24":2,"25":5,"26":0,"27":1,"28":1,"29":0,"30":0,"31":2,"32":0,"33":0,"34":0,"35":7,"36":8,"37":8,"38":15,"39":1},"fnMap":{"1":{"name":"_msgSender","line":43,"loc":{"start":{"line":43,"column":4},"end":{"line":45,"column":4}}},"2":{"name":"constructor","line":54,"loc":{"start":{"line":54,"column":4},"end":{"line":58,"column":4}}},"3":{"name":"onlyOwner","line":60,"loc":{"start":{"line":60,"column":4},"end":{"line":63,"column":4}}},"4":{"name":"owner","line":65,"loc":{"start":{"line":65,"column":4},"end":{"line":67,"column":4}}},"5":{"name":"transferOwnership","line":69,"loc":{"start":{"line":69,"column":4},"end":{"line":73,"column":4}}},"6":{"name":"constructor","line":88,"loc":{"start":{"line":88,"column":4},"end":{"line":92,"column":4}}},"7":{"name":"name","line":94,"loc":{"start":{"line":94,"column":4},"end":{"line":96,"column":4}}},"8":{"name":"symbol","line":98,"loc":{"start":{"line":98,"column":4},"end":{"line":100,"column":4}}},"9":{"name":"decimals","line":102,"loc":{"start":{"line":102,"column":4},"end":{"line":104,"column":4}}},"10":{"name":"totalSupply","line":106,"loc":{"start":{"line":106,"column":4},"end":{"line":108,"column":4}}},"11":{"name":"balanceOf","line":110,"loc":{"start":{"line":110,"column":4},"end":{"line":112,"column":4}}},"12":{"name":"transfer","line":114,"loc":{"start":{"line":114,"column":4},"end":{"line":117,"column":4}}},"13":{"name":"allowance","line":119,"loc":{"start":{"line":119,"column":4},"end":{"line":121,"column":4}}},"14":{"name":"approve","line":123,"loc":{"start":{"line":123,"column":4},"end":{"line":126,"column":4}}},"15":{"name":"transferFrom","line":128,"loc":{"start":{"line":128,"column":4},"end":{"line":136,"column":4}}},"16":{"name":"increaseAllowance","line":138,"loc":{"start":{"line":138,"column":4},"end":{"line":141,"column":4}}},"17":{"name":"decreaseAllowance","line":143,"loc":{"start":{"line":143,"column":4},"end":{"line":150,"column":4}}},"18":{"name":"_transfer","line":152,"loc":{"start":{"line":152,"column":4},"end":{"line":161,"column":4}}},"19":{"name":"_mint","line":163,"loc":{"start":{"line":163,"column":4},"end":{"line":168,"column":4}}},"20":{"name":"_burn","line":170,"loc":{"start":{"line":170,"column":4},"end":{"line":179,"column":4}}},"21":{"name":"_approve","line":181,"loc":{"start":{"line":181,"column":4},"end":{"line":185,"column":4}}},"22":{"name":"constructor","line":226,"loc":{"start":{"line":221,"column":4},"end":{"line":232,"column":4}}},"23":{"name":"depositCollateral","line":238,"loc":{"start":{"line":238,"column":4},"end":{"line":244,"column":4}}},"24":{"name":"withdrawCollateral","line":246,"loc":{"start":{"line":246,"column":4},"end":{"line":254,"column":4}}},"25":{"name":"mintStablecoin","line":256,"loc":{"start":{"line":256,"column":4},"end":{"line":265,"column":4}}},"26":{"name":"burnStablecoin","line":267,"loc":{"start":{"line":267,"column":4},"end":{"line":274,"column":4}}},"27":{"name":"repayAndClose","line":276,"loc":{"start":{"line":276,"column":4},"end":{"line":295,"column":4}}},"28":{"name":"rebalancePosition","line":301,"loc":{"start":{"line":301,"column":4},"end":{"line":336,"column":4}}},"29":{"name":"setPriceFeed","line":342,"loc":{"start":{"line":342,"column":4},"end":{"line":347,"column":4}}},"30":{"name":"setRouter","line":349,"loc":{"start":{"line":349,"column":4},"end":{"line":353,"column":4}}},"31":{"name":"getPosition","line":359,"loc":{"start":{"line":359,"column":4},"end":{"line":362,"column":4}}},"32":{"name":"collateralValueUSD","line":364,"loc":{"start":{"line":364,"column":4},"end":{"line":366,"column":4}}},"33":{"name":"collateralRatio","line":368,"loc":{"start":{"line":368,"column":4},"end":{"line":371,"column":4}}},"34":{"name":"isHealthy","line":373,"loc":{"start":{"line":373,"column":4},"end":{"line":376,"column":4}}},"35":{"name":"_isHealthyPosition","line":382,"loc":{"start":{"line":382,"column":4},"end":{"line":387,"column":4}}},"36":{"name":"_collateralRatio","line":389,"loc":{"start":{"line":389,"column":4},"end":{"line":399,"column":4}}},"37":{"name":"_collateralValue","line":401,"loc":{"start":{"line":401,"column":4},"end":{"line":410,"column":4}}},"38":{"name":"_scaleAmount","line":412,"loc":{"start":{"line":412,"column":4},"end":{"line":420,"column":4}}},"39":{"name":"_approveCollateralToRouter","line":422,"loc":{"start":{"line":422,"column":4},"end":{"line":425,"column":4}}}},"statementMap":{"1":{"start":{"line":44,"column":8},"end":{"line":44,"column":25}},"2":{"start":{"line":55,"column":8},"end":{"line":55,"column":55}},"3":{"start":{"line":57,"column":8},"end":{"line":57,"column":59}},"4":{"start":{"line":61,"column":8},"end":{"line":61,"column":50}},"5":{"start":{"line":66,"column":8},"end":{"line":66,"column":21}},"6":{"start":{"line":70,"column":8},"end":{"line":70,"column":51}},"7":{"start":{"line":71,"column":8},"end":{"line":71,"column":51}},"8":{"start":{"line":95,"column":8},"end":{"line":95,"column":20}},"9":{"start":{"line":99,"column":8},"end":{"line":99,"column":22}},"10":{"start":{"line":103,"column":8},"end":{"line":103,"column":24}},"11":{"start":{"line":107,"column":8},"end":{"line":107,"column":27}},"12":{"start":{"line":111,"column":8},"end":{"line":111,"column":33}},"13":{"start":{"line":115,"column":8},"end":{"line":115,"column":42}},"14":{"start":{"line":116,"column":8},"end":{"line":116,"column":19}},"15":{"start":{"line":120,"column":8},"end":{"line":120,"column":42}},"16":{"start":{"line":124,"column":8},"end":{"line":124,"column":46}},"17":{"start":{"line":125,"column":8},"end":{"line":125,"column":19}},"18":{"start":{"line":129,"column":8},"end":{"line":129,"column":66}},"19":{"start":{"line":130,"column":8},"end":{"line":130,"column":55}},"20":{"start":{"line":132,"column":12},"end":{"line":132,"column":66}},"21":{"start":{"line":134,"column":8},"end":{"line":134,"column":34}},"22":{"start":{"line":135,"column":8},"end":{"line":135,"column":19}},"23":{"start":{"line":139,"column":8},"end":{"line":139,"column":87}},"24":{"start":{"line":140,"column":8},"end":{"line":140,"column":19}},"25":{"start":{"line":144,"column":8},"end":{"line":144,"column":69}},"26":{"start":{"line":145,"column":8},"end":{"line":145,"column":64}},"27":{"start":{"line":147,"column":12},"end":{"line":147,"column":78}},"28":{"start":{"line":149,"column":8},"end":{"line":149,"column":19}},"29":{"start":{"line":153,"column":8},"end":{"line":153,"column":66}},"30":{"start":{"line":154,"column":8},"end":{"line":154,"column":45}},"31":{"start":{"line":155,"column":8},"end":{"line":155,"column":48}},"32":{"start":{"line":160,"column":8},"end":{"line":160,"column":39}},"33":{"start":{"line":164,"column":8},"end":{"line":164,"column":49}},"34":{"start":{"line":167,"column":8},"end":{"line":167,"column":50}},"35":{"start":{"line":171,"column":8},"end":{"line":171,"column":49}},"36":{"start":{"line":172,"column":8},"end":{"line":172,"column":51}},"37":{"start":{"line":173,"column":8},"end":{"line":173,"column":51}},"38":{"start":{"line":178,"column":8},"end":{"line":178,"column":50}},"39":{"start":{"line":182,"column":8},"end":{"line":182,"column":72}},"40":{"start":{"line":184,"column":8},"end":{"line":184,"column":45}},"41":{"start":{"line":239,"column":8},"end":{"line":239,"column":54}},"42":{"start":{"line":240,"column":8},"end":{"line":240,"column":59}},"43":{"start":{"line":242,"column":8},"end":{"line":242,"column":107}},"44":{"start":{"line":243,"column":8},"end":{"line":243,"column":64}},"45":{"start":{"line":247,"column":8},"end":{"line":247,"column":59}},"46":{"start":{"line":248,"column":8},"end":{"line":248,"column":98}},"47":{"start":{"line":249,"column":8},"end":{"line":249,"column":76}},"48":{"start":{"line":250,"column":8},"end":{"line":250,"column":84}},"49":{"start":{"line":252,"column":8},"end":{"line":252,"column":88}},"50":{"start":{"line":253,"column":8},"end":{"line":253,"column":64}},"51":{"start":{"line":257,"column":8},"end":{"line":257,"column":42}},"52":{"start":{"line":258,"column":8},"end":{"line":258,"column":59}},"53":{"start":{"line":259,"column":8},"end":{"line":259,"column":61}},"54":{"start":{"line":260,"column":8},"end":{"line":260,"column":58}},"55":{"start":{"line":261,"column":8},"end":{"line":261,"column":96}},"56":{"start":{"line":263,"column":8},"end":{"line":263,"column":38}},"57":{"start":{"line":264,"column":8},"end":{"line":264,"column":55}},"58":{"start":{"line":268,"column":8},"end":{"line":268,"column":42}},"59":{"start":{"line":269,"column":8},"end":{"line":269,"column":59}},"60":{"start":{"line":270,"column":8},"end":{"line":270,"column":61}},"61":{"start":{"line":272,"column":8},"end":{"line":272,"column":38}},"62":{"start":{"line":273,"column":8},"end":{"line":273,"column":55}},"63":{"start":{"line":277,"column":8},"end":{"line":277,"column":59}},"64":{"start":{"line":278,"column":8},"end":{"line":278,"column":49}},"65":{"start":{"line":279,"column":8},"end":{"line":279,"column":42}},"66":{"start":{"line":281,"column":8},"end":{"line":281,"column":32}},"67":{"start":{"line":283,"column":8},"end":{"line":283,"column":54}},"68":{"start":{"line":286,"column":8},"end":{"line":286,"column":86}},"69":{"start":{"line":287,"column":8},"end":{"line":287,"column":54}},"70":{"start":{"line":289,"column":8},"end":{"line":289,"column":11121}},"71":{"start":{"line":290,"column":12},"end":{"line":290,"column":94}},"72":{"start":{"line":292,"column":8},"end":{"line":292,"column":83}},"73":{"start":{"line":294,"column":8},"end":{"line":294,"column":67}},"74":{"start":{"line":307,"column":8},"end":{"line":307,"column":54}},"75":{"start":{"line":308,"column":8},"end":{"line":308,"column":49}},"76":{"start":{"line":309,"column":8},"end":{"line":309,"column":111}},"77":{"start":{"line":310,"column":8},"end":{"line":310,"column":45}},"78":{"start":{"line":311,"column":8},"end":{"line":311,"column":64}},"79":{"start":{"line":312,"column":8},"end":{"line":312,"column":65}},"80":{"start":{"line":314,"column":8},"end":{"line":314,"column":12137}},"81":{"start":{"line":317,"column":8},"end":{"line":317,"column":51}},"82":{"start":{"line":319,"column":8},"end":{"line":319,"column":46}},"83":{"start":{"line":320,"column":8},"end":{"line":320,"column":12412}},"84":{"start":{"line":327,"column":8},"end":{"line":327,"column":43}},"85":{"start":{"line":328,"column":8},"end":{"line":328,"column":74}},"86":{"start":{"line":332,"column":8},"end":{"line":332,"column":76}},"87":{"start":{"line":333,"column":8},"end":{"line":333,"column":40}},"88":{"start":{"line":335,"column":8},"end":{"line":335,"column":69}},"89":{"start":{"line":343,"column":8},"end":{"line":343,"column":58}},"90":{"start":{"line":346,"column":8},"end":{"line":346,"column":47}},"91":{"start":{"line":350,"column":8},"end":{"line":350,"column":62}},"92":{"start":{"line":352,"column":8},"end":{"line":352,"column":46}},"93":{"start":{"line":360,"column":8},"end":{"line":360,"column":54}},"94":{"start":{"line":361,"column":8},"end":{"line":361,"column":63}},"95":{"start":{"line":365,"column":8},"end":{"line":365,"column":68}},"96":{"start":{"line":369,"column":8},"end":{"line":369,"column":54}},"97":{"start":{"line":370,"column":8},"end":{"line":370,"column":79}},"98":{"start":{"line":374,"column":8},"end":{"line":374,"column":54}},"99":{"start":{"line":375,"column":8},"end":{"line":375,"column":81}},"100":{"start":{"line":383,"column":8},"end":{"line":383,"column":14802}},"101":{"start":{"line":384,"column":12},"end":{"line":384,"column":23}},"102":{"start":{"line":386,"column":8},"end":{"line":386,"column":85}},"103":{"start":{"line":390,"column":8},"end":{"line":390,"column":15079}},"104":{"start":{"line":391,"column":12},"end":{"line":391,"column":36}},"105":{"start":{"line":393,"column":8},"end":{"line":393,"column":66}},"106":{"start":{"line":394,"column":8},"end":{"line":394,"column":66}},"107":{"start":{"line":395,"column":8},"end":{"line":395,"column":15299}},"108":{"start":{"line":396,"column":12},"end":{"line":396,"column":36}},"109":{"start":{"line":398,"column":8},"end":{"line":398,"column":58}},"110":{"start":{"line":402,"column":8},"end":{"line":402,"column":15539}},"111":{"start":{"line":403,"column":12},"end":{"line":403,"column":20}},"112":{"start":{"line":405,"column":8},"end":{"line":405,"column":75}},"113":{"start":{"line":406,"column":8},"end":{"line":406,"column":41}},"114":{"start":{"line":407,"column":8},"end":{"line":407,"column":43}},"115":{"start":{"line":408,"column":8},"end":{"line":408,"column":87}},"116":{"start":{"line":409,"column":8},"end":{"line":409,"column":76}},"117":{"start":{"line":413,"column":8},"end":{"line":413,"column":16074}},"118":{"start":{"line":414,"column":12},"end":{"line":414,"column":25}},"119":{"start":{"line":416,"column":8},"end":{"line":416,"column":16156}},"120":{"start":{"line":417,"column":12},"end":{"line":417,"column":63}},"121":{"start":{"line":419,"column":8},"end":{"line":419,"column":59}},"122":{"start":{"line":423,"column":8},"end":{"line":423,"column":75}},"123":{"start":{"line":424,"column":8},"end":{"line":424,"column":84}}},"branchMap":{"1":{"line":55,"type":"if","locations":[{"start":{"line":55,"column":8},"end":{"line":55,"column":8}},{"start":{"line":55,"column":8},"end":{"line":55,"column":8}}]},"2":{"line":61,"type":"if","locations":[{"start":{"line":61,"column":8},"end":{"line":61,"column":8}},{"start":{"line":61,"column":8},"end":{"line":61,"column":8}}]},"3":{"line":69,"type":"if","locations":[{"start":{"line":69,"column":58},"end":{"line":69,"column":58}},{"start":{"line":69,"column":58},"end":{"line":69,"column":58}}]},"4":{"line":70,"type":"if","locations":[{"start":{"line":70,"column":8},"end":{"line":70,"column":8}},{"start":{"line":70,"column":8},"end":{"line":70,"column":8}}]},"5":{"line":130,"type":"if","locations":[{"start":{"line":130,"column":8},"end":{"line":130,"column":8}},{"start":{"line":130,"column":8},"end":{"line":130,"column":8}}]},"6":{"line":145,"type":"if","locations":[{"start":{"line":145,"column":8},"end":{"line":145,"column":8}},{"start":{"line":145,"column":8},"end":{"line":145,"column":8}}]},"7":{"line":153,"type":"if","locations":[{"start":{"line":153,"column":8},"end":{"line":153,"column":8}},{"start":{"line":153,"column":8},"end":{"line":153,"column":8}}]},"8":{"line":155,"type":"if","locations":[{"start":{"line":155,"column":8},"end":{"line":155,"column":8}},{"start":{"line":155,"column":8},"end":{"line":155,"column":8}}]},"9":{"line":164,"type":"if","locations":[{"start":{"line":164,"column":8},"end":{"line":164,"column":8}},{"start":{"line":164,"column":8},"end":{"line":164,"column":8}}]},"10":{"line":171,"type":"if","locations":[{"start":{"line":171,"column":8},"end":{"line":171,"column":8}},{"start":{"line":171,"column":8},"end":{"line":171,"column":8}}]},"11":{"line":173,"type":"if","locations":[{"start":{"line":173,"column":8},"end":{"line":173,"column":8}},{"start":{"line":173,"column":8},"end":{"line":173,"column":8}}]},"12":{"line":182,"type":"if","locations":[{"start":{"line":182,"column":8},"end":{"line":182,"column":8}},{"start":{"line":182,"column":8},"end":{"line":182,"column":8}}]},"13":{"line":239,"type":"if","locations":[{"start":{"line":239,"column":8},"end":{"line":239,"column":8}},{"start":{"line":239,"column":8},"end":{"line":239,"column":8}}]},"14":{"line":242,"type":"if","locations":[{"start":{"line":242,"column":8},"end":{"line":242,"column":8}},{"start":{"line":242,"column":8},"end":{"line":242,"column":8}}]},"15":{"line":248,"type":"if","locations":[{"start":{"line":248,"column":8},"end":{"line":248,"column":8}},{"start":{"line":248,"column":8},"end":{"line":248,"column":8}}]},"16":{"line":250,"type":"if","locations":[{"start":{"line":250,"column":8},"end":{"line":250,"column":8}},{"start":{"line":250,"column":8},"end":{"line":250,"column":8}}]},"17":{"line":252,"type":"if","locations":[{"start":{"line":252,"column":8},"end":{"line":252,"column":8}},{"start":{"line":252,"column":8},"end":{"line":252,"column":8}}]},"18":{"line":257,"type":"if","locations":[{"start":{"line":257,"column":8},"end":{"line":257,"column":8}},{"start":{"line":257,"column":8},"end":{"line":257,"column":8}}]},"19":{"line":259,"type":"if","locations":[{"start":{"line":259,"column":8},"end":{"line":259,"column":8}},{"start":{"line":259,"column":8},"end":{"line":259,"column":8}}]},"20":{"line":261,"type":"if","locations":[{"start":{"line":261,"column":8},"end":{"line":261,"column":8}},{"start":{"line":261,"column":8},"end":{"line":261,"column":8}}]},"21":{"line":268,"type":"if","locations":[{"start":{"line":268,"column":8},"end":{"line":268,"column":8}},{"start":{"line":268,"column":8},"end":{"line":268,"column":8}}]},"22":{"line":270,"type":"if","locations":[{"start":{"line":270,"column":8},"end":{"line":270,"column":8}},{"start":{"line":270,"column":8},"end":{"line":270,"column":8}}]},"23":{"line":278,"type":"if","locations":[{"start":{"line":278,"column":8},"end":{"line":278,"column":8}},{"start":{"line":278,"column":8},"end":{"line":278,"column":8}}]},"24":{"line":289,"type":"if","locations":[{"start":{"line":289,"column":8},"end":{"line":289,"column":8}},{"start":{"line":289,"column":8},"end":{"line":289,"column":8}}]},"25":{"line":290,"type":"if","locations":[{"start":{"line":290,"column":12},"end":{"line":290,"column":12}},{"start":{"line":290,"column":12},"end":{"line":290,"column":12}}]},"26":{"line":292,"type":"if","locations":[{"start":{"line":292,"column":8},"end":{"line":292,"column":8}},{"start":{"line":292,"column":8},"end":{"line":292,"column":8}}]},"27":{"line":308,"type":"if","locations":[{"start":{"line":308,"column":8},"end":{"line":308,"column":8}},{"start":{"line":308,"column":8},"end":{"line":308,"column":8}}]},"28":{"line":309,"type":"if","locations":[{"start":{"line":309,"column":8},"end":{"line":309,"column":8}},{"start":{"line":309,"column":8},"end":{"line":309,"column":8}}]},"29":{"line":310,"type":"if","locations":[{"start":{"line":310,"column":8},"end":{"line":310,"column":8}},{"start":{"line":310,"column":8},"end":{"line":310,"column":8}}]},"30":{"line":311,"type":"if","locations":[{"start":{"line":311,"column":8},"end":{"line":311,"column":8}},{"start":{"line":311,"column":8},"end":{"line":311,"column":8}}]},"31":{"line":312,"type":"if","locations":[{"start":{"line":312,"column":8},"end":{"line":312,"column":8}},{"start":{"line":312,"column":8},"end":{"line":312,"column":8}}]},"32":{"line":315,"type":"if","locations":[{"start":{"line":315,"column":14},"end":{"line":315,"column":37}},{"start":{"line":316,"column":14},"end":{"line":316,"column":32}}]},"33":{"line":317,"type":"if","locations":[{"start":{"line":317,"column":8},"end":{"line":317,"column":8}},{"start":{"line":317,"column":8},"end":{"line":317,"column":8}}]},"34":{"line":328,"type":"if","locations":[{"start":{"line":328,"column":8},"end":{"line":328,"column":8}},{"start":{"line":328,"column":8},"end":{"line":328,"column":8}}]},"35":{"line":332,"type":"if","locations":[{"start":{"line":332,"column":8},"end":{"line":332,"column":8}},{"start":{"line":332,"column":8},"end":{"line":332,"column":8}}]},"36":{"line":342,"type":"if","locations":[{"start":{"line":342,"column":58},"end":{"line":342,"column":58}},{"start":{"line":342,"column":58},"end":{"line":342,"column":58}}]},"37":{"line":343,"type":"if","locations":[{"start":{"line":343,"column":8},"end":{"line":343,"column":8}},{"start":{"line":343,"column":8},"end":{"line":343,"column":8}}]},"38":{"line":349,"type":"if","locations":[{"start":{"line":349,"column":51},"end":{"line":349,"column":51}},{"start":{"line":349,"column":51},"end":{"line":349,"column":51}}]},"39":{"line":350,"type":"if","locations":[{"start":{"line":350,"column":8},"end":{"line":350,"column":8}},{"start":{"line":350,"column":8},"end":{"line":350,"column":8}}]},"40":{"line":383,"type":"if","locations":[{"start":{"line":383,"column":8},"end":{"line":383,"column":8}},{"start":{"line":383,"column":8},"end":{"line":383,"column":8}}]},"41":{"line":390,"type":"if","locations":[{"start":{"line":390,"column":8},"end":{"line":390,"column":8}},{"start":{"line":390,"column":8},"end":{"line":390,"column":8}}]},"42":{"line":395,"type":"if","locations":[{"start":{"line":395,"column":8},"end":{"line":395,"column":8}},{"start":{"line":395,"column":8},"end":{"line":395,"column":8}}]},"43":{"line":402,"type":"if","locations":[{"start":{"line":402,"column":8},"end":{"line":402,"column":8}},{"start":{"line":402,"column":8},"end":{"line":402,"column":8}}]},"44":{"line":406,"type":"if","locations":[{"start":{"line":406,"column":8},"end":{"line":406,"column":8}},{"start":{"line":406,"column":8},"end":{"line":406,"column":8}}]},"45":{"line":407,"type":"if","locations":[{"start":{"line":407,"column":8},"end":{"line":407,"column":8}},{"start":{"line":407,"column":8},"end":{"line":407,"column":8}}]},"46":{"line":413,"type":"if","locations":[{"start":{"line":413,"column":8},"end":{"line":413,"column":8}},{"start":{"line":413,"column":8},"end":{"line":413,"column":8}}]},"47":{"line":416,"type":"if","locations":[{"start":{"line":416,"column":8},"end":{"line":416,"column":8}},{"start":{"line":416,"column":8},"end":{"line":416,"column":8}}]},"48":{"line":423,"type":"if","locations":[{"start":{"line":423,"column":8},"end":{"line":423,"column":8}},{"start":{"line":423,"column":8},"end":{"line":423,"column":8}}]},"49":{"line":424,"type":"if","locations":[{"start":{"line":424,"column":8},"end":{"line":424,"column":8}},{"start":{"line":424,"column":8},"end":{"line":424,"column":8}}]}}},"contracts\\mocks\\MockAggregator.sol":{"l":{"13":1,"14":1,"15":1,"19":1,"33":7,"37":1,"38":1,"39":1,"40":1},"path":"C:\\Users\\maxim\\OneDrive\\Documents\\crypto dev\\tokenization\\CDP-stablecoin\\contracts\\mocks\\MockAggregator.sol","s":{"1":1,"2":7,"3":1,"4":1},"b":{"1":[1,0]},"f":{"1":1,"2":1,"3":7,"4":1},"fnMap":{"1":{"name":"constructor","line":12,"loc":{"start":{"line":12,"column":4},"end":{"line":16,"column":4}}},"2":{"name":"decimals","line":18,"loc":{"start":{"line":18,"column":4},"end":{"line":20,"column":4}}},"3":{"name":"latestRoundData","line":22,"loc":{"start":{"line":22,"column":4},"end":{"line":34,"column":4}}},"4":{"name":"updateAnswer","line":36,"loc":{"start":{"line":36,"column":4},"end":{"line":41,"column":4}}}},"statementMap":{"1":{"start":{"line":19,"column":8},"end":{"line":19,"column":24}},"2":{"start":{"line":33,"column":8},"end":{"line":33,"column":84}},"3":{"start":{"line":37,"column":8},"end":{"line":37,"column":39}},"4":{"start":{"line":40,"column":8},"end":{"line":40,"column":47}}},"branchMap":{"1":{"line":37,"type":"if","locations":[{"start":{"line":37,"column":8},"end":{"line":37,"column":8}},{"start":{"line":37,"column":8},"end":{"line":37,"column":8}}]}}},"contracts\\mocks\\MockCollateralToken.sol":{"l":{"18":1,"19":1,"20":1,"21":1,"25":6,"26":6,"27":6,"31":3,"32":3,"36":5,"37":5,"38":5,"39":5,"41":5,"42":5,"46":1,"50":2,"51":2,"52":2,"53":2,"57":8,"58":8,"59":8,"60":8,"61":8,"63":8,"64":8},"path":"C:\\Users\\maxim\\OneDrive\\Documents\\crypto dev\\tokenization\\CDP-stablecoin\\contracts\\mocks\\MockCollateralToken.sol","s":{"1":1,"2":6,"3":6,"4":3,"5":3,"6":5,"7":5,"8":5,"9":5,"10":5,"11":1,"12":2,"13":2,"14":8,"15":8,"16":8,"17":8},"b":{"1":[5,0],"2":[5,0],"3":[2,0],"4":[8,0],"5":[8,0]},"f":{"1":1,"2":6,"3":3,"4":5,"5":1,"6":2,"7":8},"fnMap":{"1":{"name":"constructor","line":17,"loc":{"start":{"line":17,"column":4},"end":{"line":22,"column":4}}},"2":{"name":"approve","line":24,"loc":{"start":{"line":24,"column":4},"end":{"line":28,"column":4}}},"3":{"name":"transfer","line":30,"loc":{"start":{"line":30,"column":4},"end":{"line":33,"column":4}}},"4":{"name":"transferFrom","line":35,"loc":{"start":{"line":35,"column":4},"end":{"line":43,"column":4}}},"5":{"name":"mint","line":45,"loc":{"start":{"line":45,"column":4},"end":{"line":47,"column":4}}},"6":{"name":"_mint","line":49,"loc":{"start":{"line":49,"column":4},"end":{"line":54,"column":4}}},"7":{"name":"_transfer","line":56,"loc":{"start":{"line":56,"column":4},"end":{"line":65,"column":4}}}},"statementMap":{"1":{"start":{"line":21,"column":8},"end":{"line":21,"column":39}},"2":{"start":{"line":26,"column":8},"end":{"line":26,"column":50}},"3":{"start":{"line":27,"column":8},"end":{"line":27,"column":19}},"4":{"start":{"line":31,"column":8},"end":{"line":31,"column":40}},"5":{"start":{"line":32,"column":8},"end":{"line":32,"column":19}},"6":{"start":{"line":36,"column":8},"end":{"line":36,"column":53}},"7":{"start":{"line":37,"column":8},"end":{"line":37,"column":46}},"8":{"start":{"line":38,"column":8},"end":{"line":38,"column":1385}},"9":{"start":{"line":41,"column":8},"end":{"line":41,"column":34}},"10":{"start":{"line":42,"column":8},"end":{"line":42,"column":19}},"11":{"start":{"line":46,"column":8},"end":{"line":46,"column":24}},"12":{"start":{"line":50,"column":8},"end":{"line":50,"column":47}},"13":{"start":{"line":53,"column":8},"end":{"line":53,"column":45}},"14":{"start":{"line":57,"column":8},"end":{"line":57,"column":49}},"15":{"start":{"line":58,"column":8},"end":{"line":58,"column":45}},"16":{"start":{"line":59,"column":8},"end":{"line":59,"column":48}},"17":{"start":{"line":64,"column":8},"end":{"line":64,"column":39}}},"branchMap":{"1":{"line":37,"type":"if","locations":[{"start":{"line":37,"column":8},"end":{"line":37,"column":8}},{"start":{"line":37,"column":8},"end":{"line":37,"column":8}}]},"2":{"line":38,"type":"if","locations":[{"start":{"line":38,"column":8},"end":{"line":38,"column":8}},{"start":{"line":38,"column":8},"end":{"line":38,"column":8}}]},"3":{"line":50,"type":"if","locations":[{"start":{"line":50,"column":8},"end":{"line":50,"column":8}},{"start":{"line":50,"column":8},"end":{"line":50,"column":8}}]},"4":{"line":57,"type":"if","locations":[{"start":{"line":57,"column":8},"end":{"line":57,"column":8}},{"start":{"line":57,"column":8},"end":{"line":57,"column":8}}]},"5":{"line":59,"type":"if","locations":[{"start":{"line":59,"column":8},"end":{"line":59,"column":8}},{"start":{"line":59,"column":8},"end":{"line":59,"column":8}}]}}},"contracts\\mocks\\MockRouter.sol":{"l":{"20":1,"21":1,"22":1,"25":1,"27":1,"29":1,"30":1,"31":1},"path":"C:\\Users\\maxim\\OneDrive\\Documents\\crypto dev\\tokenization\\CDP-stablecoin\\contracts\\mocks\\MockRouter.sol","s":{"1":1,"2":1,"3":1,"4":1,"5":1},"b":{"1":[1,0],"2":[1,0],"3":[1,0]},"f":{"1":1},"fnMap":{"1":{"name":"swapTokensForExactTokens","line":13,"loc":{"start":{"line":13,"column":4},"end":{"line":32,"column":4}}}},"statementMap":{"1":{"start":{"line":20,"column":8},"end":{"line":20,"column":40}},"2":{"start":{"line":21,"column":8},"end":{"line":21,"column":57}},"3":{"start":{"line":22,"column":8},"end":{"line":22,"column":67}},"4":{"start":{"line":25,"column":8},"end":{"line":25,"column":91}},"5":{"start":{"line":27,"column":8},"end":{"line":27,"column":60}}},"branchMap":{"1":{"line":20,"type":"if","locations":[{"start":{"line":20,"column":8},"end":{"line":20,"column":8}},{"start":{"line":20,"column":8},"end":{"line":20,"column":8}}]},"2":{"line":25,"type":"if","locations":[{"start":{"line":25,"column":8},"end":{"line":25,"column":8}},{"start":{"line":25,"column":8},"end":{"line":25,"column":8}}]},"3":{"line":27,"type":"if","locations":[{"start":{"line":27,"column":8},"end":{"line":27,"column":8}},{"start":{"line":27,"column":8},"end":{"line":27,"column":8}}]}}},"contracts\\oracle\\ManagedPriceFeed.sol":{"l":{"45":5,"46":5,"47":5,"48":5,"49":5,"53":1,"57":1,"61":1,"76":3,"77":3,"78":3,"79":2,"80":2,"81":2,"82":2,"88":3,"89":3,"90":3,"91":3,"97":3,"98":3},"path":"C:\\Users\\maxim\\OneDrive\\Documents\\crypto dev\\tokenization\\CDP-stablecoin\\contracts\\oracle\\ManagedPriceFeed.sol","s":{"1":5,"2":5,"3":5,"4":1,"5":1,"6":1,"7":3,"8":3,"9":3,"10":3,"11":3,"12":3},"b":{"1":[5,0],"2":[2,1],"3":[3,1],"4":[3,0]},"f":{"1":5,"2":1,"3":1,"4":1,"5":3,"6":3},"fnMap":{"1":{"name":"constructor","line":44,"loc":{"start":{"line":44,"column":4},"end":{"line":50,"column":4}}},"2":{"name":"decimals","line":52,"loc":{"start":{"line":52,"column":4},"end":{"line":54,"column":4}}},"3":{"name":"description","line":56,"loc":{"start":{"line":56,"column":4},"end":{"line":58,"column":4}}},"4":{"name":"version","line":60,"loc":{"start":{"line":60,"column":4},"end":{"line":62,"column":4}}},"5":{"name":"latestRoundData","line":64,"loc":{"start":{"line":64,"column":4},"end":{"line":83,"column":4}}},"6":{"name":"pushPrice","line":87,"loc":{"start":{"line":87,"column":4},"end":{"line":99,"column":4}}}},"statementMap":{"1":{"start":{"line":45,"column":8},"end":{"line":45,"column":48}},"2":{"start":{"line":46,"column":8},"end":{"line":46,"column":44}},"3":{"start":{"line":47,"column":8},"end":{"line":47,"column":38}},"4":{"start":{"line":53,"column":8},"end":{"line":53,"column":24}},"5":{"start":{"line":57,"column":8},"end":{"line":57,"column":27}},"6":{"start":{"line":61,"column":8},"end":{"line":61,"column":22}},"7":{"start":{"line":77,"column":8},"end":{"line":77,"column":50}},"8":{"start":{"line":78,"column":8},"end":{"line":78,"column":46}},"9":{"start":{"line":88,"column":8},"end":{"line":88,"column":36}},"10":{"start":{"line":89,"column":8},"end":{"line":89,"column":46}},"11":{"start":{"line":90,"column":8},"end":{"line":90,"column":50}},"12":{"start":{"line":98,"column":8},"end":{"line":98,"column":56}}},"branchMap":{"1":{"line":45,"type":"if","locations":[{"start":{"line":45,"column":8},"end":{"line":45,"column":8}},{"start":{"line":45,"column":8},"end":{"line":45,"column":8}}]},"2":{"line":78,"type":"if","locations":[{"start":{"line":78,"column":8},"end":{"line":78,"column":8}},{"start":{"line":78,"column":8},"end":{"line":78,"column":8}}]},"3":{"line":87,"type":"if","locations":[{"start":{"line":87,"column":47},"end":{"line":87,"column":47}},{"start":{"line":87,"column":47},"end":{"line":87,"column":47}}]},"4":{"line":88,"type":"if","locations":[{"start":{"line":88,"column":8},"end":{"line":88,"column":8}},{"start":{"line":88,"column":8},"end":{"line":88,"column":8}}]}}},"contracts\\token\\MemeToken.sol":{"l":{"14":4,"15":4,"16":4,"17":4,"22":1},"path":"C:\\Users\\maxim\\OneDrive\\Documents\\crypto dev\\tokenization\\CDP-stablecoin\\contracts\\token\\MemeToken.sol","s":{"1":4,"2":4,"3":4,"4":4,"5":1},"b":{"1":[4,0],"2":[1,1]},"f":{"1":4,"2":1},"fnMap":{"1":{"name":"constructor","line":13,"loc":{"start":{"line":13,"column":4},"end":{"line":18,"column":4}}},"2":{"name":"mint","line":21,"loc":{"start":{"line":21,"column":4},"end":{"line":23,"column":4}}}},"statementMap":{"1":{"start":{"line":14,"column":8},"end":{"line":14,"column":48}},"2":{"start":{"line":15,"column":8},"end":{"line":15,"column":44}},"3":{"start":{"line":16,"column":8},"end":{"line":16,"column":39}},"4":{"start":{"line":17,"column":8},"end":{"line":17,"column":34}},"5":{"start":{"line":22,"column":8},"end":{"line":22,"column":24}}},"branchMap":{"1":{"line":14,"type":"if","locations":[{"start":{"line":14,"column":8},"end":{"line":14,"column":8}},{"start":{"line":14,"column":8},"end":{"line":14,"column":8}}]},"2":{"line":21,"type":"if","locations":[{"start":{"line":21,"column":55},"end":{"line":21,"column":55}},{"start":{"line":21,"column":55},"end":{"line":21,"column":55}}]}}}}